mode: set
github.com/queuet/internal/routes/routes.go:8.32,11.40 2 1
github.com/queuet/internal/routes/routes.go:11.40,13.40 1 1
github.com/queuet/internal/routes/routes.go:13.40,19.4 5 1
github.com/queuet/internal/handlers/task_handler.go:16.36,18.2 1 1
github.com/queuet/internal/handlers/task_handler.go:20.74,22.61 2 1
github.com/queuet/internal/handlers/task_handler.go:22.61,25.3 2 1
github.com/queuet/internal/handlers/task_handler.go:28.2,28.21 1 1
github.com/queuet/internal/handlers/task_handler.go:28.21,31.3 2 1
github.com/queuet/internal/handlers/task_handler.go:35.2,35.35 1 1
github.com/queuet/internal/handlers/task_handler.go:38.71,40.16 2 1
github.com/queuet/internal/handlers/task_handler.go:40.16,43.3 2 1
github.com/queuet/internal/handlers/task_handler.go:48.2,56.33 3 1
github.com/queuet/internal/handlers/task_handler.go:59.74,61.16 2 1
github.com/queuet/internal/handlers/task_handler.go:61.16,64.3 2 1
github.com/queuet/internal/handlers/task_handler.go:66.2,67.61 2 1
github.com/queuet/internal/handlers/task_handler.go:67.61,70.3 2 1
github.com/queuet/internal/handlers/task_handler.go:73.2,75.30 2 1
github.com/queuet/internal/handlers/task_handler.go:78.74,80.16 2 1
github.com/queuet/internal/handlers/task_handler.go:80.16,83.3 2 1
github.com/queuet/internal/handlers/task_handler.go:86.2,88.37 2 1
github.com/queuet/internal/handlers/task_handler.go:91.73,112.2 3 1
github.com/queuet/internal/database/postgres.go:21.26,30.2 1 1
github.com/queuet/internal/database/postgres.go:33.47,38.16 3 1
github.com/queuet/internal/database/postgres.go:38.16,40.3 1 0
github.com/queuet/internal/database/postgres.go:42.2,42.34 1 1
github.com/queuet/internal/database/postgres.go:42.34,44.3 1 1
github.com/queuet/internal/database/postgres.go:46.2,46.16 1 0
github.com/queuet/internal/database/postgres.go:50.42,52.26 2 1
github.com/queuet/internal/database/postgres.go:52.26,54.3 1 1
github.com/queuet/internal/database/postgres.go:55.2,55.12 1 1
github.com/queuet/internal/cache/redis.go:19.36,26.2 2 1
github.com/queuet/internal/cache/redis.go:29.65,37.64 2 1
github.com/queuet/internal/cache/redis.go:37.64,39.3 1 1
github.com/queuet/internal/cache/redis.go:41.2,41.20 1 0
github.com/queuet/internal/cache/redis.go:45.42,47.26 2 1
github.com/queuet/internal/cache/redis.go:47.26,49.3 1 1
github.com/queuet/internal/cache/redis.go:50.2,50.12 1 1
